app/build/intermediates/manifest_merge_blame_file/debug/manifest-merger-blame-debug-report.txt
1<?xml version="1.0" encoding="utf-8"?>
2<manifest xmlns:android="http://schemas.android.com/apk/res/android"
3    package="com.example.uhf"
4    android:versionCode="2"
5    android:versionName="1.3.7" >
6
7    <uses-sdk
8        android:minSdkVersion="19"
8-->src\main\AndroidManifest.xml
9        android:targetSdkVersion="29" />
9-->src\main\AndroidManifest.xml
10
11    <uses-permission android:name="android.permission.READ_EXTERNAL_STORAGE" />
11-->src\main\AndroidManifest.xml:6:5-80
11-->src\main\AndroidManifest.xml:6:22-77
12    <uses-permission android:name="android.permission.WRITE_EXTERNAL_STORAGE" />
12-->src\main\AndroidManifest.xml:7:5-81
12-->src\main\AndroidManifest.xml:7:22-78
13    <uses-permission android:name="android.permission.MANAGE_EXTERNAL_STORAGE" />
13-->src\main\AndroidManifest.xml:8:5-82
13-->src\main\AndroidManifest.xml:8:22-79
14    <uses-permission android:name="android.permission.INTERNET" />
14-->src\main\AndroidManifest.xml:9:5-67
14-->src\main\AndroidManifest.xml:9:22-64
15    <uses-permission android:name="android.permission.ACCESS_NETWORK_STATE" />
15-->[DeviceAPI_ver20231208_release.aar] AndroidManifest.xml:11:5-79
15-->[DeviceAPI_ver20231208_release.aar] AndroidManifest.xml:11:22-76
16    <uses-permission android:name="android.permission.BLUETOOTH_ADMIN" />
16-->[DeviceAPI_ver20231208_release.aar] AndroidManifest.xml:12:5-74
16-->[DeviceAPI_ver20231208_release.aar] AndroidManifest.xml:12:22-71
17    <uses-permission android:name="android.permission.CAMERA" />
17-->[DeviceAPI_ver20231208_release.aar] AndroidManifest.xml:13:5-65
17-->[DeviceAPI_ver20231208_release.aar] AndroidManifest.xml:13:22-62
18    <uses-permission android:name="android.permission.CHANGE_WIFI_STATE" />
18-->[DeviceAPI_ver20231208_release.aar] AndroidManifest.xml:14:5-76
18-->[DeviceAPI_ver20231208_release.aar] AndroidManifest.xml:14:22-73
19
20    <application
20-->src\main\AndroidManifest.xml:11:5-38:19
21        android:allowBackup="true"
21-->src\main\AndroidManifest.xml:12:9-35
22        android:appComponentFactory="androidx.core.app.CoreComponentFactory"
22-->[androidx.core:core:1.1.0-beta01] AndroidManifest.xml:22:18-86
23        android:debuggable="true"
24        android:icon="@drawable/logo"
24-->src\main\AndroidManifest.xml:13:9-38
25        android:label="@string/app_name"
25-->src\main\AndroidManifest.xml:14:9-41
26        android:testOnly="true"
27        android:theme="@style/CustomTheme" >
27-->src\main\AndroidManifest.xml:15:9-43
28        <activity
28-->src\main\AndroidManifest.xml:16:9-26:20
29            android:name="com.example.uhf.activity.UHFMainActivity"
29-->src\main\AndroidManifest.xml:17:13-68
30            android:configChanges="orientation|screenSize"
30-->src\main\AndroidManifest.xml:19:13-59
31            android:label="@string/app_name"
31-->src\main\AndroidManifest.xml:20:13-45
32            android:screenOrientation="portrait" >
32-->src\main\AndroidManifest.xml:18:13-49
33            <intent-filter>
33-->src\main\AndroidManifest.xml:21:13-25:29
34                <action android:name="android.intent.action.MAIN" />
34-->src\main\AndroidManifest.xml:22:17-69
34-->src\main\AndroidManifest.xml:22:25-66
35
36                <category android:name="android.intent.category.LAUNCHER" />
36-->src\main\AndroidManifest.xml:24:17-77
36-->src\main\AndroidManifest.xml:24:27-74
37            </intent-filter>
38        </activity>
39
40        <receiver android:name="com.example.uhf.BootBroadcastReceiver" >
40-->src\main\AndroidManifest.xml:27:9-32:20
40-->src\main\AndroidManifest.xml:27:19-71
41            <intent-filter android:priority="1000" >
41-->src\main\AndroidManifest.xml:28:13-31:29
41-->src\main\AndroidManifest.xml:28:28-51
42                <action android:name="android.intent.action.BOOT_COMPLETED" />
42-->src\main\AndroidManifest.xml:29:17-79
42-->src\main\AndroidManifest.xml:29:25-76
43
44                <category android:name="android.intent.category.LAUNCHER" />
44-->src\main\AndroidManifest.xml:24:17-77
44-->src\main\AndroidManifest.xml:24:27-74
45            </intent-filter>
46        </receiver>
47
48        <activity
48-->src\main\AndroidManifest.xml:33:9-36:61
49            android:name="com.example.uhf.filebrowser.FileManagerActivity"
49-->src\main\AndroidManifest.xml:34:13-75
50            android:configChanges="orientation|screenSize"
50-->src\main\AndroidManifest.xml:36:13-59
51            android:screenOrientation="portrait" />
51-->src\main\AndroidManifest.xml:35:13-49
52    </application>
53
54</manifest>